Build started 12/08/2012 09:33:09 p.m..
     1>Project "C:\Users\TOSHIBA\Documents\Visual Studio 2010\Projects\TBB\SumaMatrices\SumaMatrices\SumaMatrices.vcxproj" on node 2 (build target(s)).
     1>InitializeBuildStatus:
         Creating "Release\SumaMatrices.unsuccessfulbuild" because "AlwaysCreate" was specified.
       ClCompile:
         c:\Program Files (x86)\Microsoft Visual Studio 10.0\VC\bin\CL.exe /c /Zi /nologo /W3 /WX- /O2 /Oi /Oy- /GL /D _MBCS /Gm- /EHsc /MD /GS /Gy /fp:precise /Zc:wchar_t /Zc:forScope /Fo"Release\\" /Fd"Release\vc100.pdb" /Gd /TP /analyze- /errorReport:prompt Main.cpp
         Main.cpp
       Link:
         c:\Program Files (x86)\Microsoft Visual Studio 10.0\VC\bin\link.exe /ERRORREPORT:PROMPT /OUT:"C:\Users\TOSHIBA\Documents\Visual Studio 2010\Projects\TBB\SumaMatrices\Release\SumaMatrices.exe" /NOLOGO tbb.lib kernel32.lib user32.lib gdi32.lib winspool.lib comdlg32.lib advapi32.lib shell32.lib ole32.lib oleaut32.lib uuid.lib odbc32.lib odbccp32.lib /MANIFEST /ManifestFile:"Release\SumaMatrices.exe.intermediate.manifest" /MANIFESTUAC:"level='asInvoker' uiAccess='false'" /DEBUG /PDB:"C:\Users\TOSHIBA\Documents\Visual Studio 2010\Projects\TBB\SumaMatrices\Release\SumaMatrices.pdb" /OPT:REF /OPT:ICF /LTCG /TLBID:1 /DYNAMICBASE /NXCOMPAT /IMPLIB:"C:\Users\TOSHIBA\Documents\Visual Studio 2010\Projects\TBB\SumaMatrices\Release\SumaMatrices.lib" /MACHINE:X86 Release\Main.obj
         Generating code
         Finished generating code
         SumaMatrices.vcxproj -> C:\Users\TOSHIBA\Documents\Visual Studio 2010\Projects\TBB\SumaMatrices\Release\SumaMatrices.exe
       Manifest:
         C:\Program Files (x86)\Microsoft SDKs\Windows\v7.0A\bin\mt.exe /nologo /verbose /outputresource:"C:\Users\TOSHIBA\Documents\Visual Studio 2010\Projects\TBB\SumaMatrices\Release\SumaMatrices.exe;#1" /manifest Release\SumaMatrices.exe.intermediate.manifest
       FinalizeBuildStatus:
         Deleting file "Release\SumaMatrices.unsuccessfulbuild".
         Touching "Release\SumaMatrices.lastbuildstate".
     1>Done Building Project "C:\Users\TOSHIBA\Documents\Visual Studio 2010\Projects\TBB\SumaMatrices\SumaMatrices\SumaMatrices.vcxproj" (build target(s)).

Build succeeded.

Time Elapsed 00:00:05.28
