Build started 14/08/2012 12:47:51 a.m..
     1>Project "C:\Users\TOSHIBA\Documents\Visual Studio 2010\Projects\TBB\CursoCuda\CursoCuda\CursoCuda.vcxproj" on node 2 (build target(s)).
     1>InitializeBuildStatus:
         Creating "Release\CursoCuda.unsuccessfulbuild" because "AlwaysCreate" was specified.
       ClCompile:
         c:\Program Files (x86)\Microsoft Visual Studio 10.0\VC\bin\CL.exe /c /Zi /nologo /W3 /WX- /O2 /Oi /Oy- /GL /D _MBCS /Gm- /EHsc /MD /GS /Gy /fp:precise /Zc:wchar_t /Zc:forScope /Fo"Release\\" /Fd"Release\vc100.pdb" /Gd /TP /analyze- /errorReport:prompt main.cpp
         main.cpp
       Link:
         c:\Program Files (x86)\Microsoft Visual Studio 10.0\VC\bin\link.exe /ERRORREPORT:PROMPT /OUT:"C:\Users\TOSHIBA\Documents\Visual Studio 2010\Projects\TBB\CursoCuda\Release\CursoCuda.exe" /NOLOGO kernel32.lib user32.lib gdi32.lib winspool.lib comdlg32.lib advapi32.lib shell32.lib ole32.lib oleaut32.lib uuid.lib odbc32.lib odbccp32.lib /MANIFEST /ManifestFile:"Release\CursoCuda.exe.intermediate.manifest" /MANIFESTUAC:"level='asInvoker' uiAccess='false'" /DEBUG /PDB:"C:\Users\TOSHIBA\Documents\Visual Studio 2010\Projects\TBB\CursoCuda\Release\CursoCuda.pdb" /OPT:REF /OPT:ICF /LTCG /TLBID:1 /DYNAMICBASE /NXCOMPAT /IMPLIB:"C:\Users\TOSHIBA\Documents\Visual Studio 2010\Projects\TBB\CursoCuda\Release\CursoCuda.lib" /MACHINE:X86 Release\main.obj
         Generating code
         Finished generating code
         CursoCuda.vcxproj -> C:\Users\TOSHIBA\Documents\Visual Studio 2010\Projects\TBB\CursoCuda\Release\CursoCuda.exe
       Manifest:
         C:\Program Files (x86)\Microsoft SDKs\Windows\v7.0A\bin\mt.exe /nologo /verbose /outputresource:"C:\Users\TOSHIBA\Documents\Visual Studio 2010\Projects\TBB\CursoCuda\Release\CursoCuda.exe;#1" /manifest Release\CursoCuda.exe.intermediate.manifest
       FinalizeBuildStatus:
         Deleting file "Release\CursoCuda.unsuccessfulbuild".
         Touching "Release\CursoCuda.lastbuildstate".
     1>Done Building Project "C:\Users\TOSHIBA\Documents\Visual Studio 2010\Projects\TBB\CursoCuda\CursoCuda\CursoCuda.vcxproj" (build target(s)).

Build succeeded.

Time Elapsed 00:00:05.41
